<?xml version="1.0" encoding="UTF-8"?>
<testng-results skipped="0" failed="0" ignored="0" total="1" passed="1">
  <reporter-output>
  </reporter-output>
  <suite name="Default suite" duration-ms="156159" started-at="2017-08-02T11:52:22Z" finished-at="2017-08-02T11:54:58Z">
    <groups>
    </groups>
    <test name="Default test" duration-ms="156159" started-at="2017-08-02T11:52:22Z" finished-at="2017-08-02T11:54:58Z">
      <class name="structtes.StructureTest">
        <test-method status="PASS" signature="f()[pri:0, instance:structtes.StructureTest@4dfa3a9d]" name="f" is-config="true" duration-ms="54301" started-at="2017-08-02T17:22:22Z" finished-at="2017-08-02T17:23:16Z">
          <reporter-output>
          </reporter-output>
        </test-method> <!-- f -->
        <test-method status="PASS" signature="g()[pri:0, instance:structtes.StructureTest@4dfa3a9d]" name="g" duration-ms="68423" started-at="2017-08-02T17:23:16Z" finished-at="2017-08-02T17:24:24Z">
          <reporter-output>
          </reporter-output>
        </test-method> <!-- g -->
        <test-method status="PASS" signature="h()[pri:0, instance:structtes.StructureTest@4dfa3a9d]" name="h" is-config="true" duration-ms="33407" started-at="2017-08-02T17:24:24Z" finished-at="2017-08-02T17:24:58Z">
          <reporter-output>
          </reporter-output>
        </test-method> <!-- h -->
      </class> <!-- structtes.StructureTest -->
    </test> <!-- Default test -->
  </suite> <!-- Default suite -->
</testng-results>
